  Determining projects to restore...
  All projects are up-to-date for restore.
  
  > pcf-project@1.0.0 clean
  > pcf-scripts clean "--noColor" "--buildMode" "development" "--outDir" "/Users/alexandrebaker/Documents/mvp/workspace/Custom Components/Gantt View Component/out/controls/" "--buildSource" "MSBuild"
  
  [5:23:41 PM] [clean]  Initializing...
  [5:23:41 PM] [clean]  Cleaning build outputs...
  [5:23:41 PM] [clean]  Succeeded
  Cleaning output directory: bin/Debug/, Intermediate directory: obj/Debug/ and Solution Packager working directory: obj/Debug/
  Removing log file: obj/Debug/SolutionPackager.log and generated solution package: bin/Debug/PowerAppsTools_tppd.zip
  
  > pcf-project@1.0.0 build
  > pcf-scripts build "--noColor" "--buildMode" "development" "--outDir" "/Users/alexandrebaker/Documents/mvp/workspace/Custom Components/Gantt View Component/out/controls/" "--buildSource" "MSBuild"
  
  [5:23:46 PM] [build]  Initializing...
  [5:23:46 PM] [build]  Validating manifest...
  [5:23:46 PM] [build]  Validating control...
  [5:23:48 PM] [build]  Running ESLint...
  [5:23:49 PM] [build]  Generating manifest types...
  DeprecationWarning: 'createInterfaceDeclaration' has been deprecated since v4.8.0. Decorators are no longer supported for this function. Callers should switch to an overload that does not accept a 'decorators' parameter.
  [5:23:49 PM] [build]  Generating design types...
  [5:23:49 PM] [build]  Compiling and bundling control...
  [Webpack stats]:
  asset bundle.js 16.5 KiB [emitted] (name: main)
  ./GanttView/index.ts 3.61 KiB [built] [code generated]
  ./GanttView/GanttViewControl.tsx 9.51 KiB [built] [code generated]
  external "React" 42 bytes [built] [code generated]
  webpack 5.75.0 compiled successfully in 3731 ms
  [5:23:53 PM] [build]  Generating build outputs...
  [5:23:53 PM] [build]  Succeeded
  Running Solution Packager to build package type: Unmanaged bin/Debug/PowerAppsTools_tppd.zip
  Solution: bin/Debug/PowerAppsTools_tppd.zip generated.
  Solution Package Type: Unmanaged generated.
  Completed intermiediate files clean up.
